<?xml version="1.0" encoding="UTF-8"?>
<!-- Generated by org.testng.reporters.JUnitReportReporter -->
<testsuite skipped="0" hostname="Ahmeds-MBP.home" name="testPages.HomePage" tests="1" failures="0" timestamp="27 Jan 2019 19:30:41 GMT" time="4.018" errors="0">
  <testcase name="findBrokenLinks" time="4.018" classname="testPages.HomePage"/>
</testsuite> <!-- testPages.HomePage -->
